[33m[nodemon] 2.0.22[39m
[33m[nodemon] to restart at any time, enter `rs`[39m
[33m[nodemon] watching path(s): *.*[39m
[33m[nodemon] watching extensions: js,mjs,json[39m
[32m[nodemon] starting `node index.js`[39m
node:internal/modules/cjs/loader:1404
  throw err;
  ^

Error: Cannot find module './connectionstate'
Require stack:
- /app/backend/node_modules/mongoose/lib/collection.js
- /app/backend/node_modules/mongoose/lib/drivers/node-mongodb-native/collection.js
- /app/backend/node_modules/mongoose/lib/drivers/node-mongodb-native/index.js
- /app/backend/node_modules/mongoose/lib/index.js
- /app/backend/node_modules/mongoose/index.js
- /app/backend/config/db.js
- /app/backend/index.js
    at Function._resolveFilename (node:internal/modules/cjs/loader:1401:15)
    at defaultResolveImpl (node:internal/modules/cjs/loader:1057:19)
    at resolveForCJSWithHooks (node:internal/modules/cjs/loader:1062:22)
    at Function._load (node:internal/modules/cjs/loader:1211:37)
    at TracingChannel.traceSync (node:diagnostics_channel:322:14)
    at wrapModuleLoad (node:internal/modules/cjs/loader:235:24)
    at Module.require (node:internal/modules/cjs/loader:1487:12)
    at require (node:internal/modules/helpers:135:16)
    at Object.<anonymous> (/app/backend/node_modules/mongoose/lib/collection.js:8:16)
    at Module._compile (node:internal/modules/cjs/loader:1730:14) {
  code: 'MODULE_NOT_FOUND',
  requireStack: [
    '/app/backend/node_modules/mongoose/lib/collection.js',
    '/app/backend/node_modules/mongoose/lib/drivers/node-mongodb-native/collection.js',
    '/app/backend/node_modules/mongoose/lib/drivers/node-mongodb-native/index.js',
    '/app/backend/node_modules/mongoose/lib/index.js',
    '/app/backend/node_modules/mongoose/index.js',
    '/app/backend/config/db.js',
    '/app/backend/index.js'
  ]
}

Node.js v22.17.1
[31m[nodemon] app crashed - waiting for file changes before starting...[39m
